2023-10-17 15:00:38|   0.0|  0.0|INFORM|Current FME version: FME 2022.2.3.0 (20230131 - Build 22789 - macosx-x64)
2023-10-17 15:00:38|   0.0|  0.0|INFORM|FME_HOME is '/Library/FME/2022.2/'
2023-10-17 15:00:38|   0.0|  0.0|INFORM|FME Desktop Smallworld Edition (floating)
2023-10-17 15:00:38|   0.0|  0.0|INFORM|Permanent License.
2023-10-17 15:00:38|   0.0|  0.0|INFORM|Machine host name is: opa.local
2023-10-17 15:00:38|   0.0|  0.0|INFORM|OS Locale Name     : en_CA
2023-10-17 15:00:38|   0.0|  0.0|INFORM|OS Locale Encoding : UTF-8
2023-10-17 15:00:38|   0.0|  0.0|INFORM|Process Encoding   : UTF-8
2023-10-17 15:00:38|   0.0|  0.0|INFORM|FME API version: '4.0 20220615'
2023-10-17 15:00:38|   0.0|  0.0|INFORM|FME Configuration: FME_BASE is 'no'
2023-10-17 15:00:38|   0.0|  0.0|INFORM|FME Configuration: FME_MF_DIR is '/Users/fernando.borges/Desktop/dev-projects/ukg/hris_automation/fme_workspaces/'
2023-10-17 15:00:38|   0.0|  0.0|INFORM|FME Configuration: FME_MF_NAME is 'jiraFieldRequestingTeamAndDepartment.fmw'
2023-10-17 15:00:38|   0.0|  0.0|INFORM|FME Configuration: FME_PRODUCT_NAME is 'FME(R) 2022.2.3.0'
2023-10-17 15:00:38|   0.0|  0.0|INFORM|Operating System: macOS Version 12.4 (Build 21F79)
2023-10-17 15:00:38|   0.0|  0.0|INFORM|FME Platform: macosx-x64
2023-10-17 15:00:38|   0.0|  0.0|INFORM|System Status: 630.68 GB of disk space available in the FME temporary folder (/private/var/folders/wq/24rwjfx93vj1jx9w8f3v_7p40000gp/T/wbrun_1697579938440_12203/fmetmp_0)
2023-10-17 15:00:38|   0.0|  0.0|INFORM|System Status: 64.00 GB of physical memory available
2023-10-17 15:00:38|   0.0|  0.0|INFORM|System Status: 64.00 GB of virtual memory available
2023-10-17 15:00:38|   0.0|  0.0|INFORM|START - ProcessID: 12322, peak process memory usage: 74788 kB, current process memory usage: 74788 kB
2023-10-17 15:00:38|   0.0|  0.0|INFORM|FME Configuration: Command line arguments are `/Library/FME/2022.2/fme' `/Users/fernando.borges/Desktop/dev-projects/ukg/hris_automation/fme_workspaces/wb-xlate-1697580032587_12203' `LOG_STANDARDOUT' `YES' `LOG_TIMINGS' `YES' `LogCountServerName' `51683' `LOG_STANDARDOUT' `No' `WORKBENCH_LOG_SERVER' `51258'
2023-10-17 15:00:38|   0.0|  0.0|INFORM|FME Configuration: Connection Storage: '/Users/fernando.borges/Library/Caches/Safe Software/FME/'
2023-10-17 15:00:38|   0.0|  0.0|INFORM|Shared folders for formats are : /Library/FME/2022.2/datasources;/Users/fernando.borges/Library/Application Support/FME/Formats
2023-10-17 15:00:38|   0.0|  0.0|INFORM|Shared folders for transformers are : /Users/fernando.borges/Library/Caches/Safe Software/FME/Packages/22789-macosx-x64/transformers;/Library/FME/2022.2/transformers
2023-10-17 15:00:38|   0.0|  0.0|INFORM|Shared folders for coordinate systems are : /Users/fernando.borges/Library/Application Support/FME/CoordinateSystems
2023-10-17 15:00:38|   0.0|  0.0|INFORM|Shared folders for coordinate system exceptions are : /Users/fernando.borges/Library/Application Support/FME/CoordinateSystemExceptions
2023-10-17 15:00:38|   0.0|  0.0|INFORM|Shared folders for coordinate system grid overrides are : /Users/fernando.borges/Library/Application Support/FME/CoordinateSystemGridOverrides
2023-10-17 15:00:38|   0.0|  0.0|INFORM|Shared folders for CS-MAP transformation exceptions are : /Users/fernando.borges/Library/Application Support/FME/CsmapTransformationExceptions
2023-10-17 15:00:38|   0.0|  0.0|INFORM|Shared folders for transformer categories are : /Users/fernando.borges/Library/Application Support/FME/TransformerCategories
2023-10-17 15:00:38|   0.0|  0.0|INFORM|FME Configuration: Reader Keyword is `MULTI_READER'
2023-10-17 15:00:38|   0.0|  0.0|INFORM|FME Configuration: Writer Keyword is `NULL_DEST'
2023-10-17 15:00:38|   0.0|  0.0|INFORM|FME Configuration: Writer Group Definition Keyword is `NULL_DEST_DEF'
2023-10-17 15:00:38|   0.0|  0.0|INFORM|FME Configuration: Reader type is `MULTI_READER'
2023-10-17 15:00:38|   0.0|  0.0|INFORM|FME Configuration: Writer type is `NULL'
2023-10-17 15:00:38|   0.0|  0.0|INFORM|FME Configuration: No destination coordinate system set
2023-10-17 15:00:38|   0.0|  0.0|INFORM|FME Configuration: Current working folder is `/Users/fernando.borges/Desktop/dev-projects/ukg/hris_automation/fme_workspaces'
2023-10-17 15:00:38|   0.0|  0.0|INFORM|FME Configuration: Temporary folder is `/private/var/folders/wq/24rwjfx93vj1jx9w8f3v_7p40000gp/T/wbrun_1697579938440_12203/fmetmp_0', set from environment variable `FME_TEMP'
2023-10-17 15:00:38|   0.0|  0.0|INFORM|FME Configuration: Cache folder is '/private/var/folders/wq/24rwjfx93vj1jx9w8f3v_7p40000gp/T'
2023-10-17 15:00:38|   0.0|  0.0|INFORM|FME Configuration: FME_HOME is `/Library/FME/2022.2/'
2023-10-17 15:00:38|   0.0|  0.0|INFORM|FME Configuration: Start freeing memory when the process exceeds 62.83 GB
2023-10-17 15:00:38|   0.0|  0.0|INFORM|FME Configuration: Stop freeing memory when the process is below 47.12 GB
2023-10-17 15:00:38|   0.0|  0.0|INFORM|Creating writer for format: NULL (Nothing)
2023-10-17 15:00:38|   0.0|  0.0|INFORM|Trying to find a DYNAMIC plugin for writer named `NULL'
2023-10-17 15:00:38|   0.0|  0.0|INFORM|DYLD_LIBRARY_PATH is not set
2023-10-17 15:00:38|   0.0|  0.0|INFORM|Loaded module 'NULL' from file '/Library/FME/2022.2/plugins/null.so'
2023-10-17 15:00:38|   0.0|  0.0|INFORM|FME API version of module 'NULL' matches current internal version (4.0 20220615)
2023-10-17 15:00:38|   0.0|  0.0|INFORM|Creating reader for format: 
2023-10-17 15:00:38|   0.0|  0.0|INFORM|MULTI_READER(MULTI_READER): Will fail with first member reader failure
2023-10-17 15:00:38|   0.0|  0.0|INFORM|Using Multi Reader with keyword `MULTI_READER' to read multiple datasets
2023-10-17 15:00:38|   0.0|  0.0|INFORM|Loaded module 'Geometry_func' from file '/Library/FME/2022.2/plugins/geometry_func.so'
2023-10-17 15:00:38|   0.0|  0.0|INFORM|FME API version of module 'Geometry_func' matches current internal version (4.0 20220615)
2023-10-17 15:00:38|   0.0|  0.0|INFORM|Loaded module 'LogCount_func' from file '/Library/FME/2022.2/plugins/logcount_func.so'
2023-10-17 15:00:38|   0.0|  0.0|INFORM|FME API version of module 'LogCount_func' matches current internal version (4.0 20220615)
2023-10-17 15:00:38|   0.0|  0.0|INFORM|Loaded module 'HTTPFactory' from file '/Library/FME/2022.2/plugins/httpfactory.so'
2023-10-17 15:00:38|   0.0|  0.0|INFORM|FME API version of module 'HTTPFactory' matches current internal version (4.0 20220615)
2023-10-17 15:00:38|   0.0|  0.0|INFORM|Loaded module 'JSONQueryFactory' from file '/Library/FME/2022.2/plugins/jsonqueryfactory.so'
2023-10-17 15:00:38|   0.0|  0.0|INFORM|FME API version of module 'JSONQueryFactory' matches current internal version (4.0 20220615)
2023-10-17 15:00:38|   0.0|  0.0|INFORM|Emptying factory pipeline
2023-10-17 15:00:38|   0.1|  0.1|STATS |Creator_2_XML_Creator (CreationFactory): Created 1 features
2023-10-17 15:00:38|   0.1|  0.0|STATS |Creator_2_Cloner (TeeFactory): Cloned 1 input feature(s) into 1 output feature(s)
2023-10-17 15:00:38|   0.1|  0.0|STATS |Creator_2_CREATED Brancher -1 24 (BranchingFactory): Branched 1 input feature -- 1 feature routed to the target factory, and 0 features routed to the fallback factory.
2023-10-17 15:00:38|   0.1|  0.0|STATS |_CREATOR_BRANCH_TARGET (TeeFactory): Cloned 1 input feature(s) into 1 output feature(s)
2023-10-17 15:00:38|   0.1|  0.0|STATS |ParameterFetcher (TeeFactory): Cloned 1 input feature(s) into 1 output feature(s)
2023-10-17 15:00:38|   0.1|  0.0|STATS |TestFilter_2_INPUT (TeeFactory): Cloned 1 input feature(s) into 1 output feature(s)
2023-10-17 15:00:38|   0.1|  0.0|STATS |TestFilter_2 (TestFactory): Tested 1 input feature(s) -- 1 feature(s) passed and 0 feature(s) failed
2023-10-17 15:00:38|   0.1|  0.0|STATS |AttributeCreator OUTPUT Splitter (TeeFactory): Cloned 0 input feature(s) into 0 output feature(s)
2023-10-17 15:00:38|   0.1|  0.0|STATS |AttributeCreator_2 OUTPUT Splitter (TeeFactory): Cloned 0 input feature(s) into 0 output feature(s)
2023-10-17 15:00:38|   0.1|  0.0|STATS |AttributeCreator_3 OUTPUT Splitter (TeeFactory): Cloned 1 input feature(s) into 2 output feature(s)
2023-10-17 15:00:39|   0.9|  0.8|INFORM|HTTPCaller (HTTPFactory): [1]: Starting HTTP download from 'safesoftware.atlassian.net'
2023-10-17 15:00:39|   0.9|  0.0|INFORM|HTTPCaller (HTTPFactory): [1]: HTTP transfer summary (safesoftware.atlassian.net): status code: 200, download size: 259 bytes, DNS lookup time: 82 ms, total transfer time: 812 ms
2023-10-17 15:00:39|   0.9|  0.0|STATS |TestFilter_INPUT (TeeFactory): Cloned 1 input feature(s) into 1 output feature(s)
2023-10-17 15:00:39|   0.9|  0.0|STATS |TestFilter (TestFactory): Tested 1 input feature(s) -- 1 feature(s) passed and 0 feature(s) failed
2023-10-17 15:00:39|   0.9|  0.0|STATS |FeatureMerger (ReferenceFactory): Total Results: 0 Complete Feature(s), 11 Incomplete Feature(s), 0 Referenced Feature(s), 1 Unreferenced Feature(s), 0 Referencer Feature(s) (NO REFERENCES), 0 Referencee Feature(s) (NO Referencee fields defined), and 0 Duplicate Referencee Feature(s)
2023-10-17 15:00:39|   0.9|  0.0|STATS |Destination Feature Type Routing Correlator (RoutingFactory): Tested 0 input feature(s), wrote 0 output feature(s): 0 matched merge filters, 0 were routed to output, 0 could not be routed.
2023-10-17 15:00:39|   0.9|  0.0|STATS |Final Output Nuker (TeeFactory): Cloned 0 input feature(s) into 0 output feature(s)
2023-10-17 15:00:39|   0.9|  0.0|STATS |=-=-=-=-=-=-=-=-=-=-=-=-=-=-=-=-=-=-=-=-=-=-=-=-=-=-=-=-=-=-=-=-=-=-=-=-=-=-=-
2023-10-17 15:00:39|   0.9|  0.0|STATS |                            Features Read Summary
2023-10-17 15:00:39|   0.9|  0.0|STATS |=-=-=-=-=-=-=-=-=-=-=-=-=-=-=-=-=-=-=-=-=-=-=-=-=-=-=-=-=-=-=-=-=-=-=-=-=-=-=-
2023-10-17 15:00:39|   0.9|  0.0|STATS |==============================================================================
2023-10-17 15:00:39|   0.9|  0.0|STATS |Total Features Read                                                          0
2023-10-17 15:00:39|   0.9|  0.0|STATS |=-=-=-=-=-=-=-=-=-=-=-=-=-=-=-=-=-=-=-=-=-=-=-=-=-=-=-=-=-=-=-=-=-=-=-=-=-=-=-
2023-10-17 15:00:39|   0.9|  0.0|STATS |=-=-=-=-=-=-=-=-=-=-=-=-=-=-=-=-=-=-=-=-=-=-=-=-=-=-=-=-=-=-=-=-=-=-=-=-=-=-=-
2023-10-17 15:00:39|   0.9|  0.0|STATS |                           Features Written Summary
2023-10-17 15:00:39|   0.9|  0.0|STATS |=-=-=-=-=-=-=-=-=-=-=-=-=-=-=-=-=-=-=-=-=-=-=-=-=-=-=-=-=-=-=-=-=-=-=-=-=-=-=-
2023-10-17 15:00:39|   0.9|  0.0|STATS |==============================================================================
2023-10-17 15:00:39|   0.9|  0.0|STATS |Total Features Written                                                       0
2023-10-17 15:00:39|   0.9|  0.0|STATS |=-=-=-=-=-=-=-=-=-=-=-=-=-=-=-=-=-=-=-=-=-=-=-=-=-=-=-=-=-=-=-=-=-=-=-=-=-=-=-
2023-10-17 15:00:39|   0.9|  0.0|WARN  |-~-~-~-~-~-~-~-~-~-~-~-~-~-~-~-~-~-~-~-~-~-~-~-~-~-~-~-~-~-~-~-~-~-~-~-~-~-~-~-~-
2023-10-17 15:00:39|   0.9|  0.0|WARN  |-~                                                                             ~-
2023-10-17 15:00:39|   0.9|  0.0|WARN  |-~    Feature caches have been recorded at every stage of the translation.     ~-
2023-10-17 15:00:39|   0.9|  0.0|WARN  |-~                      To inspect the recorded features,                      ~-
2023-10-17 15:00:39|   0.9|  0.0|WARN  |-~              click the feature cache icons next to the ports.               ~-
2023-10-17 15:00:39|   0.9|  0.0|WARN  |-~                                                                             ~-
2023-10-17 15:00:39|   0.9|  0.0|WARN  |-~-~-~-~-~-~-~-~-~-~-~-~-~-~-~-~-~-~-~-~-~-~-~-~-~-~-~-~-~-~-~-~-~-~-~-~-~-~-~-~-
2023-10-17 15:00:39|   0.9|  0.0|INFORM|Translation was SUCCESSFUL with 7 warning(s) (0 feature(s) output)
2023-10-17 15:00:39|   0.9|  0.0|INFORM|FME Session Duration: 1 second. (CPU: 0.5s user, 0.4s system)
2023-10-17 15:00:39|   0.9|  0.0|INFORM|END - ProcessID: 12322, peak process memory usage: 82900 kB, current process memory usage: 82900 kB
