2023-03-02 18:00:40|   0.0|  0.0|INFORM|Current FME version: FME 2022.2.3.0 (20230131 - Build 22789 - macosx-x64)
2023-03-02 18:00:40|   0.0|  0.0|INFORM|FME_HOME is '/Library/FME/2022.2/'
2023-03-02 18:00:40|   0.0|  0.0|INFORM|FME Desktop Smallworld Edition (floating)
2023-03-02 18:00:40|   0.0|  0.0|INFORM|Permanent License.
2023-03-02 18:00:40|   0.0|  0.0|INFORM|Machine host name is: athena.local
2023-03-02 18:00:40|   0.0|  0.0|INFORM|OS Locale Name     : en_CA
2023-03-02 18:00:40|   0.0|  0.0|INFORM|OS Locale Encoding : UTF-8
2023-03-02 18:00:40|   0.0|  0.0|INFORM|Process Encoding   : UTF-8
2023-03-02 18:00:40|   0.0|  0.0|INFORM|FME API version: '4.0 20220615'
2023-03-02 18:00:40|   0.0|  0.0|INFORM|FME Configuration: FME_BASE is 'no'
2023-03-02 18:00:40|   0.0|  0.0|INFORM|FME Configuration: FME_MF_DIR is '/Users/ellaine.chan/Repos/hris_automation/fme_workspaces/'
2023-03-02 18:00:40|   0.0|  0.0|INFORM|FME Configuration: FME_MF_NAME is 'syncRequestingTeamAndDepartmentJiraFields.fmw'
2023-03-02 18:00:40|   0.0|  0.0|INFORM|FME Configuration: FME_PRODUCT_NAME is 'FME(R) 2022.2.3.0'
2023-03-02 18:00:40|   0.0|  0.0|INFORM|Operating System: macOS Version 	13.2 (Build 	22D49)
2023-03-02 18:00:40|   0.0|  0.0|INFORM|FME Platform: macosx-x64
2023-03-02 18:00:40|   0.0|  0.0|INFORM|System Status: 281.28 GB of disk space available in the FME temporary folder (/private/var/folders/4v/5q5wwgh57wjdr4c2zzplwrgr0000gp/T/wbrun_1677802738799_95510/fmetmp_a)
2023-03-02 18:00:40|   0.0|  0.0|INFORM|System Status: 32.00 GB of physical memory available
2023-03-02 18:00:40|   0.0|  0.0|INFORM|System Status: 34.00 GB of virtual memory available
2023-03-02 18:00:40|   0.0|  0.0|INFORM|START - ProcessID: 98069, peak process memory usage: 71680 kB, current process memory usage: 71680 kB
2023-03-02 18:00:40|   0.0|  0.0|INFORM|FME Configuration: Command line arguments are `/Library/FME/2022.2/fme' `/Users/ellaine.chan/Repos/hris_automation/fme_workspaces/wb-xlate-1677808838860_95510' `LOG_STANDARDOUT' `YES' `LOG_TIMINGS' `YES' `LogCountServerName' `54677' `DEBUG_PORT' `54676' `LOG_STANDARDOUT' `No' `WORKBENCH_LOG_SERVER' `53577'
2023-03-02 18:00:40|   0.0|  0.0|INFORM|FME Configuration: Connection Storage: '/Users/ellaine.chan/Library/Caches/Safe Software/FME/'
2023-03-02 18:00:40|   0.0|  0.0|INFORM|Shared folders for formats are : /Library/FME/2022.2/datasources;/Users/ellaine.chan/Library/Application Support/FME/Formats
2023-03-02 18:00:40|   0.0|  0.0|INFORM|Shared folders for transformers are : /Users/ellaine.chan/Library/Caches/Safe Software/FME/Packages/22789-macosx-x64/transformers;/Library/FME/2022.2/transformers;/Users/ellaine.chan/Library/Caches/Safe Software/FME/FME Store/Transformers
2023-03-02 18:00:40|   0.0|  0.0|INFORM|Shared folders for coordinate systems are : /Users/ellaine.chan/Library/Application Support/FME/CoordinateSystems
2023-03-02 18:00:40|   0.0|  0.0|INFORM|Shared folders for coordinate system exceptions are : /Users/ellaine.chan/Library/Application Support/FME/CoordinateSystemExceptions
2023-03-02 18:00:40|   0.0|  0.0|INFORM|Shared folders for coordinate system grid overrides are : /Users/ellaine.chan/Library/Application Support/FME/CoordinateSystemGridOverrides
2023-03-02 18:00:40|   0.0|  0.0|INFORM|Shared folders for CS-MAP transformation exceptions are : /Users/ellaine.chan/Library/Application Support/FME/CsmapTransformationExceptions
2023-03-02 18:00:40|   0.0|  0.0|INFORM|Shared folders for transformer categories are : /Users/ellaine.chan/Library/Application Support/FME/TransformerCategories
2023-03-02 18:00:40|   0.0|  0.0|INFORM|FME Configuration: Reader Keyword is `MULTI_READER'
2023-03-02 18:00:40|   0.0|  0.0|INFORM|FME Configuration: Writer Keyword is `NULL_DEST'
2023-03-02 18:00:40|   0.0|  0.0|INFORM|FME Configuration: Writer Group Definition Keyword is `NULL_DEST_DEF'
2023-03-02 18:00:40|   0.0|  0.0|INFORM|FME Configuration: Reader type is `MULTI_READER'
2023-03-02 18:00:40|   0.0|  0.0|INFORM|FME Configuration: Writer type is `NULL'
2023-03-02 18:00:40|   0.0|  0.0|INFORM|FME Configuration: No destination coordinate system set
2023-03-02 18:00:40|   0.0|  0.0|INFORM|FME Configuration: Current working folder is `/Users/ellaine.chan/Repos/hris_automation/fme_workspaces'
2023-03-02 18:00:40|   0.0|  0.0|INFORM|FME Configuration: Temporary folder is `/private/var/folders/4v/5q5wwgh57wjdr4c2zzplwrgr0000gp/T/wbrun_1677802738799_95510/fmetmp_a', set from environment variable `FME_TEMP'
2023-03-02 18:00:40|   0.0|  0.0|INFORM|FME Configuration: Cache folder is '/private/var/folders/4v/5q5wwgh57wjdr4c2zzplwrgr0000gp/T'
2023-03-02 18:00:40|   0.0|  0.0|INFORM|FME Configuration: FME_HOME is `/Library/FME/2022.2/'
2023-03-02 18:00:40|   0.0|  0.0|INFORM|FME Configuration: Start freeing memory when the process exceeds 32.83 GB
2023-03-02 18:00:40|   0.0|  0.0|INFORM|FME Configuration: Stop freeing memory when the process is below 24.62 GB
2023-03-02 18:00:40|   0.0|  0.0|INFORM|Creating writer for format: NULL (Nothing)
2023-03-02 18:00:40|   0.0|  0.0|INFORM|Trying to find a DYNAMIC plugin for writer named `NULL'
2023-03-02 18:00:40|   0.0|  0.0|INFORM|DYLD_LIBRARY_PATH is not set
2023-03-02 18:00:40|   0.0|  0.0|INFORM|Loaded module 'NULL' from file '/Library/FME/2022.2/plugins/null.so'
2023-03-02 18:00:40|   0.0|  0.0|INFORM|FME API version of module 'NULL' matches current internal version (4.0 20220615)
2023-03-02 18:00:40|   0.0|  0.0|INFORM|Creating reader for format: 
2023-03-02 18:00:40|   0.0|  0.0|INFORM|MULTI_READER(MULTI_READER): Will fail with first member reader failure
2023-03-02 18:00:40|   0.0|  0.0|INFORM|Using Multi Reader with keyword `MULTI_READER' to read multiple datasets
2023-03-02 18:00:40|   0.0|  0.0|INFORM|Loaded module 'LogCount_func' from file '/Library/FME/2022.2/plugins/logcount_func.so'
2023-03-02 18:00:40|   0.0|  0.0|INFORM|FME API version of module 'LogCount_func' matches current internal version (4.0 20220615)
2023-03-02 18:00:40|   0.0|  0.0|INFORM|Loaded module 'HTTPFactory' from file '/Library/FME/2022.2/plugins/httpfactory.so'
2023-03-02 18:00:40|   0.0|  0.0|INFORM|FME API version of module 'HTTPFactory' matches current internal version (4.0 20220615)
2023-03-02 18:00:40|   0.0|  0.0|INFORM|Emptying factory pipeline
2023-03-02 18:00:40|   0.0|  0.0|STATS |Restoring 1 feature(s) from FME feature store file `/private/var/folders/4v/5q5wwgh57wjdr4c2zzplwrgr0000gp/T/wb-cache-syncRequestingTeamAndDepartmentJ-tyolFR/Main_FeatureMerger -1 15 fo 0 MERGED  0  5e3afcb2e8dd24f499d5d00a554cad46c6ab87a1.ffs'
2023-03-02 18:00:40|   0.1|  0.1|INFORM|HTTPCaller_2 (HTTPFactory): [1]: Starting HTTP upload to 'safesoftware.atlassian.net'. Expected transfer size: 105 bytes
2023-03-02 18:00:40|   0.1|  0.0|INFORM|HTTPCaller_2 (HTTPFactory): [1]: HTTP Upload: sent 105 bytes
2023-03-02 18:00:41|   0.5|  0.4|INFORM|HTTPCaller_2 (HTTPFactory): [1]: Starting HTTP download from 'safesoftware.atlassian.net'
2023-03-02 18:00:41|   0.5|  0.0|INFORM|HTTPCaller_2 (HTTPFactory): [1]: HTTP transfer summary (safesoftware.atlassian.net): status code: 200, download size: 87 bytes, DNS lookup time: 31 ms, total transfer time: 495 ms
2023-03-02 18:00:41|   0.5|  0.0|STATS |Destination Feature Type Routing Correlator (RoutingFactory): Tested 0 input feature(s), wrote 0 output feature(s): 0 matched merge filters, 0 were routed to output, 0 could not be routed.
2023-03-02 18:00:41|   0.5|  0.0|STATS |Final Output Nuker (TeeFactory): Cloned 0 input feature(s) into 0 output feature(s)
2023-03-02 18:00:41|   0.5|  0.0|STATS |=-=-=-=-=-=-=-=-=-=-=-=-=-=-=-=-=-=-=-=-=-=-=-=-=-=-=-=-=-=-=-=-=-=-=-=-=-=-=-
2023-03-02 18:00:41|   0.5|  0.0|STATS |                            Features Read Summary
2023-03-02 18:00:41|   0.5|  0.0|STATS |=-=-=-=-=-=-=-=-=-=-=-=-=-=-=-=-=-=-=-=-=-=-=-=-=-=-=-=-=-=-=-=-=-=-=-=-=-=-=-
2023-03-02 18:00:41|   0.5|  0.0|STATS |==============================================================================
2023-03-02 18:00:41|   0.5|  0.0|STATS |Total Features Read                                                          0
2023-03-02 18:00:41|   0.5|  0.0|STATS |=-=-=-=-=-=-=-=-=-=-=-=-=-=-=-=-=-=-=-=-=-=-=-=-=-=-=-=-=-=-=-=-=-=-=-=-=-=-=-
2023-03-02 18:00:41|   0.5|  0.0|STATS |=-=-=-=-=-=-=-=-=-=-=-=-=-=-=-=-=-=-=-=-=-=-=-=-=-=-=-=-=-=-=-=-=-=-=-=-=-=-=-
2023-03-02 18:00:41|   0.5|  0.0|STATS |                           Features Written Summary
2023-03-02 18:00:41|   0.5|  0.0|STATS |=-=-=-=-=-=-=-=-=-=-=-=-=-=-=-=-=-=-=-=-=-=-=-=-=-=-=-=-=-=-=-=-=-=-=-=-=-=-=-
2023-03-02 18:00:41|   0.5|  0.0|STATS |==============================================================================
2023-03-02 18:00:41|   0.5|  0.0|STATS |Total Features Written                                                       0
2023-03-02 18:00:41|   0.5|  0.0|STATS |=-=-=-=-=-=-=-=-=-=-=-=-=-=-=-=-=-=-=-=-=-=-=-=-=-=-=-=-=-=-=-=-=-=-=-=-=-=-=-
2023-03-02 18:00:41|   0.5|  0.0|WARN  |-~-~-~-~-~-~-~-~-~-~-~-~-~-~-~-~-~-~-~-~-~-~-~-~-~-~-~-~-~-~-~-~-~-~-~-~-~-~-~-~-
2023-03-02 18:00:41|   0.5|  0.0|WARN  |-~                                                                             ~-
2023-03-02 18:00:41|   0.5|  0.0|WARN  |-~    Feature caches have been recorded at every stage of the translation.     ~-
2023-03-02 18:00:41|   0.5|  0.0|WARN  |-~                      To inspect the recorded features,                      ~-
2023-03-02 18:00:41|   0.5|  0.0|WARN  |-~              click the feature cache icons next to the ports.               ~-
2023-03-02 18:00:41|   0.5|  0.0|WARN  |-~                                                                             ~-
2023-03-02 18:00:41|   0.5|  0.0|WARN  |-~-~-~-~-~-~-~-~-~-~-~-~-~-~-~-~-~-~-~-~-~-~-~-~-~-~-~-~-~-~-~-~-~-~-~-~-~-~-~-~-
2023-03-02 18:00:41|   0.5|  0.0|INFORM|Translation was SUCCESSFUL with 7 warning(s) (0 feature(s) output)
2023-03-02 18:00:41|   0.5|  0.0|INFORM|FME Session Duration: 0.6 seconds. (CPU: 0.3s user, 0.2s system)
2023-03-02 18:00:41|   0.5|  0.0|INFORM|END - ProcessID: 98069, peak process memory usage: 77520 kB, current process memory usage: 77520 kB
