2023-01-05 16:24:40|   0.0|  0.0|INFORM|FME 2021.0.1.0 (20210404 - Build 21313 - macosx)
2023-01-05 16:24:40|   0.0|  0.0|INFORM|FME_HOME is '/Library/FME/2021.0/'
2023-01-05 16:24:40|   0.0|  0.0|INFORM|FME Desktop Smallworld Edition (floating)
2023-01-05 16:24:40|   0.0|  0.0|INFORM|Permanent License.
2023-01-05 16:24:40|   0.0|  0.0|INFORM|Machine host name is: athena.local
2023-01-05 16:24:40|   0.0|  0.0|INFORM|START - ProcessID: 81086, peak process memory usage: 61364 kB, current process memory usage: 61364 kB
2023-01-05 16:24:40|   0.0|  0.0|INFORM|FME Configuration: Command line arguments are `/Library/FME/2021.0/fme' `/Users/ellaine.chan/Repos/hris_automation/fme_workspaces/wb-xlate-1672964677254_10567' `LOG_STANDARDOUT' `YES' `LogCountServerName' `{e96e4bf3-f719-496e-89ea-77bdce5f45aa}' `DEBUG_PORT' `51884'
2023-01-05 16:24:40|   0.0|  0.0|INFORM|FME Configuration: Connection Storage: '/Users/ellaine.chan/Library/Caches/Safe Software/FME/'
2023-01-05 16:24:40|   0.0|  0.0|INFORM|Shared folders for formats are : /Library/FME/2021.0/datasources;/Users/ellaine.chan/Library/Application Support/FME/Formats
2023-01-05 16:24:40|   0.0|  0.0|INFORM|Shared folders for transformers are : /Users/ellaine.chan/Library/Caches/Safe Software/FME/Packages/21313-macosx/transformers;/Library/FME/2021.0/transformers;/Users/ellaine.chan/Library/Caches/Safe Software/FME/FME Store/Transformers
2023-01-05 16:24:40|   0.0|  0.0|INFORM|Shared folders for coordinate systems are : /Users/ellaine.chan/Library/Application Support/FME/CoordinateSystems
2023-01-05 16:24:40|   0.0|  0.0|INFORM|Shared folders for coordinate system exceptions are : /Users/ellaine.chan/Library/Application Support/FME/CoordinateSystemExceptions
2023-01-05 16:24:40|   0.0|  0.0|INFORM|Shared folders for coordinate system grid overrides are : /Users/ellaine.chan/Library/Application Support/FME/CoordinateSystemGridOverrides
2023-01-05 16:24:40|   0.0|  0.0|INFORM|Shared folders for CS-MAP transformation exceptions are : /Users/ellaine.chan/Library/Application Support/FME/CsmapTransformationExceptions
2023-01-05 16:24:40|   0.0|  0.0|INFORM|Shared folders for transformer categories are : /Users/ellaine.chan/Library/Application Support/FME/TransformerCategories
2023-01-05 16:24:40|   0.0|  0.0|INFORM|FME Configuration: Reader Keyword is `MULTI_READER'
2023-01-05 16:24:40|   0.0|  0.0|INFORM|FME Configuration: Writer Keyword is `MULTI_WRITER'
2023-01-05 16:24:40|   0.0|  0.0|INFORM|FME Configuration: Writer Group Definition Keyword is `MULTI_WRITER_DEF'
2023-01-05 16:24:40|   0.0|  0.0|INFORM|FME Configuration: Reader type is `MULTI_READER'
2023-01-05 16:24:40|   0.0|  0.0|INFORM|FME Configuration: Writer type is `MULTI_WRITER'
2023-01-05 16:24:40|   0.0|  0.0|INFORM|FME Configuration: No destination coordinate system set
2023-01-05 16:24:40|   0.0|  0.0|INFORM|FME Configuration: Current working folder is `/Users/ellaine.chan/Repos/hris_automation/fme_workspaces'
2023-01-05 16:24:40|   0.0|  0.0|INFORM|FME Configuration: Temporary folder is `/private/var/folders/4v/5q5wwgh57wjdr4c2zzplwrgr0000gp/T/wbrun_1672782173358_10567/fmetmp_12', set from environment variable `FME_TEMP'
2023-01-05 16:24:40|   0.0|  0.0|INFORM|FME Configuration: Cache folder is '/private/var/folders/4v/5q5wwgh57wjdr4c2zzplwrgr0000gp/T'
2023-01-05 16:24:40|   0.0|  0.0|INFORM|FME Configuration: FME_HOME is `/Library/FME/2021.0/'
2023-01-05 16:24:40|   0.0|  0.0|INFORM|FME Configuration: FME_BASE is 'no'
2023-01-05 16:24:40|   0.0|  0.0|INFORM|FME Configuration: FME_MF_DIR is '/Users/ellaine.chan/Repos/hris_automation/fme_workspaces/'
2023-01-05 16:24:40|   0.0|  0.0|INFORM|FME Configuration: FME_MF_NAME is 'UkgImport.fmw'
2023-01-05 16:24:40|   0.0|  0.0|INFORM|FME Configuration: FME_PRODUCT_NAME is 'FME(R) 2021.0.1.0'
2023-01-05 16:24:40|   0.0|  0.0|INFORM|System Status: 291.18 GB of disk space available in the FME temporary folder (/private/var/folders/4v/5q5wwgh57wjdr4c2zzplwrgr0000gp/T/wbrun_1672782173358_10567/fmetmp_12)
2023-01-05 16:24:40|   0.0|  0.0|INFORM|System Status: 32.00 GB of physical memory available
2023-01-05 16:24:40|   0.0|  0.0|INFORM|System Status: 33.00 GB of virtual memory available
2023-01-05 16:24:40|   0.0|  0.0|INFORM|Operating System: Mac OS X Version 10.15.7 (Build 19H2026)
2023-01-05 16:24:40|   0.0|  0.0|INFORM|FME Platform: macosx
2023-01-05 16:24:40|   0.0|  0.0|INFORM|Locale: en_CA
2023-01-05 16:24:40|   0.0|  0.0|INFORM|System Encoding: UTF-8
2023-01-05 16:24:40|   0.0|  0.0|INFORM|FME Configuration: Start freeing memory when the process exceeds 31.83 GB
2023-01-05 16:24:40|   0.0|  0.0|INFORM|FME Configuration: Stop freeing memory when the process is below 23.87 GB
2023-01-05 16:24:40|   0.0|  0.0|INFORM|Creating writer for format: 
2023-01-05 16:24:40|   0.0|  0.0|INFORM|Creating reader for format: 
2023-01-05 16:24:40|   0.0|  0.0|INFORM|MULTI_READER(MULTI_READER): Will fail with first member reader failure
2023-01-05 16:24:40|   0.0|  0.0|INFORM|Using Multi Reader with keyword `MULTI_READER' to read multiple datasets
2023-01-05 16:24:40|   0.0|  0.0|INFORM|Using MultiWriter with keyword `MULTI_WRITER' to output data (ID_ATTRIBUTE is `multi_writer_id')
2023-01-05 16:24:40|   0.0|  0.0|INFORM|Writer output will be ordered by value of multi_writer_id
2023-01-05 16:24:40|   0.0|  0.0|INFORM|DYLD_LIBRARY_PATH is not set
2023-01-05 16:24:40|   0.0|  0.0|INFORM|Loaded module 'LogCount_func' from file '/Library/FME/2021.0//plugins/logcount_func.so'
2023-01-05 16:24:40|   0.0|  0.0|INFORM|FME API version of module 'LogCount_func' matches current internal version (3.8 20210203)
2023-01-05 16:24:40|   0.0|  0.0|INFORM|Loaded module 'HTTPFactory' from file '/Library/FME/2021.0//plugins/httpfactory.so'
2023-01-05 16:24:40|   0.0|  0.0|INFORM|FME API version of module 'HTTPFactory' matches current internal version (3.8 20210203)
2023-01-05 16:24:40|   0.0|  0.0|INFORM| (BreakpointFactory): Feature Inspection module initialized. Workbench@51884 and FME@57025
2023-01-05 16:24:40|   0.0|  0.0|INFORM|FME API version of module 'HTTPFactory' matches current internal version (3.8 20210203)
2023-01-05 16:24:40|   0.0|  0.0|INFORM|Emptying factory pipeline
2023-01-05 16:24:40|   0.0|  0.0|STATS |Restoring 1 feature(s) from FME feature store file `/private/var/folders/4v/5q5wwgh57wjdr4c2zzplwrgr0000gp/T/wb-cache-UkgImport-pYUZIg/Main_Sampler_3 -1 368 fo 0 SAMPLED  0  43131477b9f00eb53c4fb21c603cbd9a226e391c.ffs'
2023-01-05 16:24:40|   0.0|  0.0|INFORM|Sampler_3_SAMPLED_-1_370_Player (RecorderFactory): Played back 1 feature(s) from file `/private/var/folders/4v/5q5wwgh57wjdr4c2zzplwrgr0000gp/T/wb-cache-UkgImport-pYUZIg/Main_Sampler_3 -1 368 fo 0 SAMPLED  0  43131477b9f00eb53c4fb21c603cbd9a226e391c.ffs'
2023-01-05 16:24:41|   0.2|  0.2|INFORM|HTTPCaller_20 (HTTPFactory): [1]: Starting HTTP upload to 'um3276ig67.execute-api.us-west-2.amazonaws.com'. Expected transfer size: 144 bytes
2023-01-05 16:24:41|   0.2|  0.0|INFORM|HTTPCaller_20 (HTTPFactory): [1]: HTTP Upload: sent 144 bytes
2023-01-05 16:24:42|   1.7|  1.5|INFORM|HTTPCaller_20 (HTTPFactory): [1]: HTTP transfer summary (um3276ig67.execute-api.us-west-2.amazonaws.com): status code: 200, download size: 0 bytes, DNS lookup time: 123 ms, total transfer time: 1654 ms
2023-01-05 16:24:42|   1.7|  0.0|STATS |Storing feature(s) to FME feature store file `/private/var/folders/4v/5q5wwgh57wjdr4c2zzplwrgr0000gp/T/wb-cache-UkgImport-pYUZIg/Main_HTTPCaller_20 -1 365 fo 0 Output  0  575d7231c5fb3ec0c354e946fa65f954ab02392f.ffsupdating'
2023-01-05 16:24:42|   1.7|  0.0|STATS |Stored 1 feature(s) to FME feature store file `/private/var/folders/4v/5q5wwgh57wjdr4c2zzplwrgr0000gp/T/wb-cache-UkgImport-pYUZIg/Main_HTTPCaller_20 -1 365 fo 0 Output  0  575d7231c5fb3ec0c354e946fa65f954ab02392f.ffsupdating'
2023-01-05 16:24:42|   1.7|  0.0|INFORM|Saving spatial index into file '/private/var/folders/4v/5q5wwgh57wjdr4c2zzplwrgr0000gp/T/wb-cache-UkgImport-pYUZIg/Main_HTTPCaller_20 -1 365 fo 0 Output  0  575d7231c5fb3ec0c354e946fa65f954ab02392f.fsi'
2023-01-05 16:24:42|   1.7|  0.0|INFORM|Finished saving spatial index into file '/private/var/folders/4v/5q5wwgh57wjdr4c2zzplwrgr0000gp/T/wb-cache-UkgImport-pYUZIg/Main_HTTPCaller_20 -1 365 fo 0 Output  0  575d7231c5fb3ec0c354e946fa65f954ab02392f.fsi'
2023-01-05 16:24:42|   1.7|  0.0|STATS |HTTPCaller_21_Output Feature Counter -1 2147615074 (TeeFactory): Cloned 0 input feature(s) into 0 output feature(s)
2023-01-05 16:24:42|   1.7|  0.0|STATS |HTTPCaller_21_<REJECTED> Feature Counter -1 2147680610 (TeeFactory): Cloned 0 input feature(s) into 0 output feature(s)
2023-01-05 16:24:42|   1.7|  0.0|STATS |HTTPCaller_21_<Rejected> (TeeFactory): Cloned 0 input feature(s) into 0 output feature(s)
2023-01-05 16:24:42|   1.7|  0.0|STATS |Destination Feature Type Routing Correlator (RoutingFactory): Tested 1 input feature(s), wrote 1 output feature(s): 0 matched merge filters, 0 were routed to output, 1 could not be routed.
2023-01-05 16:24:42|   1.7|  0.0|STATS |Final Output Nuker (TeeFactory): Cloned 1 input feature(s) into 0 output feature(s)
2023-01-05 16:24:42|   1.7|  0.0|WARN  |=-=-=-=-=-=-=-=-=-=-=-=-=-=-=-=-=-=-=-=-=-=-=-=-=-=-=-=-=-=-=-=-=-=-=-=-=-=-=-
2023-01-05 16:24:42|   1.7|  0.0|WARN  |      Features not written - verify feature type fanout/dynamic settings
2023-01-05 16:24:42|   1.7|  0.0|WARN  |=-=-=-=-=-=-=-=-=-=-=-=-=-=-=-=-=-=-=-=-=-=-=-=-=-=-=-=-=-=-=-=-=-=-=-=-=-=-=-
2023-01-05 16:24:42|   1.7|  0.0|WARN  |  (Check that fanout/dynamic feature type attribute exists and has a value)
2023-01-05 16:24:42|   1.7|  0.0|WARN  |=-=-=-=-=-=-=-=-=-=-=-=-=-=-=-=-=-=-=-=-=-=-=-=-=-=-=-=-=-=-=-=-=-=-=-=-=-=-=-
2023-01-05 16:24:42|   1.7|  0.0|WARN  |                                                                             1
2023-01-05 16:24:42|   1.7|  0.0|WARN  |==============================================================================
2023-01-05 16:24:42|   1.7|  0.0|WARN  |Total features not written                                                   1
2023-01-05 16:24:42|   1.7|  0.0|WARN  |=-=-=-=-=-=-=-=-=-=-=-=-=-=-=-=-=-=-=-=-=-=-=-=-=-=-=-=-=-=-=-=-=-=-=-=-=-=-=-
2023-01-05 16:24:42|   1.7|  0.0|STATS |=-=-=-=-=-=-=-=-=-=-=-=-=-=-=-=-=-=-=-=-=-=-=-=-=-=-=-=-=-=-=-=-=-=-=-=-=-=-=-
2023-01-05 16:24:42|   1.7|  0.0|STATS |                            Features Read Summary
2023-01-05 16:24:42|   1.7|  0.0|STATS |=-=-=-=-=-=-=-=-=-=-=-=-=-=-=-=-=-=-=-=-=-=-=-=-=-=-=-=-=-=-=-=-=-=-=-=-=-=-=-
2023-01-05 16:24:42|   1.7|  0.0|STATS |==============================================================================
2023-01-05 16:24:42|   1.7|  0.0|STATS |Total Features Read                                                          0
2023-01-05 16:24:42|   1.7|  0.0|STATS |=-=-=-=-=-=-=-=-=-=-=-=-=-=-=-=-=-=-=-=-=-=-=-=-=-=-=-=-=-=-=-=-=-=-=-=-=-=-=-
2023-01-05 16:24:42|   1.7|  0.0|STATS |=-=-=-=-=-=-=-=-=-=-=-=-=-=-=-=-=-=-=-=-=-=-=-=-=-=-=-=-=-=-=-=-=-=-=-=-=-=-=-
2023-01-05 16:24:42|   1.7|  0.0|STATS |                           Features Written Summary
2023-01-05 16:24:42|   1.7|  0.0|STATS |=-=-=-=-=-=-=-=-=-=-=-=-=-=-=-=-=-=-=-=-=-=-=-=-=-=-=-=-=-=-=-=-=-=-=-=-=-=-=-
2023-01-05 16:24:42|   1.7|  0.0|STATS |==============================================================================
2023-01-05 16:24:42|   1.7|  0.0|STATS |Total Features Written                                                       0
2023-01-05 16:24:42|   1.7|  0.0|STATS |=-=-=-=-=-=-=-=-=-=-=-=-=-=-=-=-=-=-=-=-=-=-=-=-=-=-=-=-=-=-=-=-=-=-=-=-=-=-=-
2023-01-05 16:24:42|   1.7|  0.0|WARN  |-~-~-~-~-~-~-~-~-~-~-~-~-~-~-~-~-~-~-~-~-~-~-~-~-~-~-~-~-~-~-~-~-~-~-~-~-~-~-~-~-
2023-01-05 16:24:42|   1.7|  0.0|WARN  |-~                                                                             ~-
2023-01-05 16:24:42|   1.7|  0.0|WARN  |-~    Feature caches have been recorded at every stage of the translation.     ~-
2023-01-05 16:24:42|   1.7|  0.0|WARN  |-~                      To inspect the recorded features,                      ~-
2023-01-05 16:24:42|   1.7|  0.0|WARN  |-~              click the feature cache icons next to the ports.               ~-
2023-01-05 16:24:42|   1.7|  0.0|WARN  |-~                                                                             ~-
2023-01-05 16:24:42|   1.7|  0.0|WARN  |-~-~-~-~-~-~-~-~-~-~-~-~-~-~-~-~-~-~-~-~-~-~-~-~-~-~-~-~-~-~-~-~-~-~-~-~-~-~-~-~-
2023-01-05 16:24:42|   1.7|  0.0|INFORM|Translation was SUCCESSFUL with 16 warning(s) (0 feature(s) output)
2023-01-05 16:24:42|   1.7|  0.0|INFORM|FME Session Duration: 1.8 seconds. (CPU: 0.5s user, 1.2s system)
2023-01-05 16:24:42|   1.7|  0.0|INFORM|END - ProcessID: 81086, peak process memory usage: 69632 kB, current process memory usage: 69680 kB
